{"contracts/AuctionEngine.sol":{"l":{"26":9,"30":2,"32":2,"34":2,"45":2,"47":2,"51":1,"52":1,"53":1,"54":1,"55":1,"59":2,"60":2,"61":1,"62":1,"63":1,"64":1,"65":1,"66":1,"67":1,"68":1,"70":1,"73":1},"path":"/mnt/d/BlockChainAuction/contracts/AuctionEngine.sol","s":{"1":2,"2":2,"3":2,"4":2,"5":2,"6":1,"7":1,"8":1,"9":1,"10":1,"11":2,"12":2,"13":1,"14":1,"15":1,"16":1,"17":1,"18":1,"19":1,"20":1},"b":{"1":[0,2],"2":[2,0],"3":[1,0],"4":[1,1],"5":[1,0],"6":[1,0],"7":[1,0]},"f":{"1":9,"2":2,"3":1,"4":2},"fnMap":{"1":{"name":"constructor","line":25,"loc":{"start":{"line":25,"column":4},"end":{"line":27,"column":4}}},"2":{"name":"createAuction","line":29,"loc":{"start":{"line":29,"column":4},"end":{"line":48,"column":4}}},"3":{"name":"getPriceFor","line":50,"loc":{"start":{"line":50,"column":4},"end":{"line":56,"column":4}}},"4":{"name":"buy","line":58,"loc":{"start":{"line":58,"column":4},"end":{"line":75,"column":4}}}},"statementMap":{"1":{"start":{"line":30,"column":8},"end":{"line":30,"column":61}},"2":{"start":{"line":32,"column":8},"end":{"line":32,"column":86}},"3":{"start":{"line":34,"column":8},"end":{"line":34,"column":1012}},"4":{"start":{"line":45,"column":8},"end":{"line":45,"column":32}},"5":{"start":{"line":47,"column":8},"end":{"line":47,"column":81}},"6":{"start":{"line":51,"column":8},"end":{"line":51,"column":49}},"7":{"start":{"line":52,"column":8},"end":{"line":52,"column":45}},"8":{"start":{"line":53,"column":8},"end":{"line":53,"column":57}},"9":{"start":{"line":54,"column":8},"end":{"line":54,"column":55}},"10":{"start":{"line":55,"column":8},"end":{"line":55,"column":48}},"11":{"start":{"line":59,"column":8},"end":{"line":59,"column":50}},"12":{"start":{"line":60,"column":8},"end":{"line":60,"column":45}},"13":{"start":{"line":61,"column":8},"end":{"line":61,"column":59}},"14":{"start":{"line":62,"column":8},"end":{"line":62,"column":40}},"15":{"start":{"line":63,"column":8},"end":{"line":63,"column":55}},"16":{"start":{"line":66,"column":8},"end":{"line":66,"column":40}},"17":{"start":{"line":67,"column":8},"end":{"line":67,"column":2289}},"18":{"start":{"line":68,"column":12},"end":{"line":68,"column":47}},"19":{"start":{"line":70,"column":8},"end":{"line":70,"column":2376}},"20":{"start":{"line":73,"column":8},"end":{"line":73,"column":52}}},"branchMap":{"1":{"line":30,"type":"if","locations":[{"start":{"line":30,"column":41},"end":{"line":30,"column":48}},{"start":{"line":30,"column":52},"end":{"line":30,"column":60}}]},"2":{"line":32,"type":"if","locations":[{"start":{"line":32,"column":8},"end":{"line":32,"column":8}},{"start":{"line":32,"column":8},"end":{"line":32,"column":8}}]},"3":{"line":52,"type":"if","locations":[{"start":{"line":52,"column":8},"end":{"line":52,"column":8}},{"start":{"line":52,"column":8},"end":{"line":52,"column":8}}]},"4":{"line":60,"type":"if","locations":[{"start":{"line":60,"column":8},"end":{"line":60,"column":8}},{"start":{"line":60,"column":8},"end":{"line":60,"column":8}}]},"5":{"line":61,"type":"if","locations":[{"start":{"line":61,"column":8},"end":{"line":61,"column":8}},{"start":{"line":61,"column":8},"end":{"line":61,"column":8}}]},"6":{"line":63,"type":"if","locations":[{"start":{"line":63,"column":8},"end":{"line":63,"column":8}},{"start":{"line":63,"column":8},"end":{"line":63,"column":8}}]},"7":{"line":67,"type":"if","locations":[{"start":{"line":67,"column":8},"end":{"line":67,"column":8}},{"start":{"line":67,"column":8},"end":{"line":67,"column":8}}]}}}}