TN:
SF:/mnt/d/BlockChainAuction/contracts/AuctionEngine.sol
FN:25,constructor
FN:29,createAuction
FN:50,getPriceFor
FN:58,buy
FNF:4
FNH:4
FNDA:9,constructor
FNDA:2,createAuction
FNDA:1,getPriceFor
FNDA:2,buy
DA:26,9
DA:30,2
DA:32,2
DA:34,2
DA:45,2
DA:47,2
DA:51,1
DA:52,1
DA:53,1
DA:54,1
DA:55,1
DA:59,2
DA:60,2
DA:61,1
DA:62,1
DA:63,1
DA:64,1
DA:65,1
DA:66,1
DA:67,1
DA:68,1
DA:70,1
DA:73,1
LF:23
LH:23
BRDA:30,1,0,0
BRDA:30,1,1,2
BRDA:32,2,0,2
BRDA:32,2,1,0
BRDA:52,3,0,1
BRDA:52,3,1,0
BRDA:60,4,0,1
BRDA:60,4,1,1
BRDA:61,5,0,1
BRDA:61,5,1,0
BRDA:63,6,0,1
BRDA:63,6,1,0
BRDA:67,7,0,1
BRDA:67,7,1,0
BRF:14
BRH:8
end_of_record
